09:16:15 | INFO     | dashboard_service | [SUCCESS] MT5 connection initialized
09:16:52 | INFO     | dashboard      | Bot started from dashboard
09:16:53 | INFO     | main           | ============================================================
09:16:53 | INFO     | main           |   CITADEL QUANT BOT  |  v2.2  |  PAPER MODE
09:16:53 | INFO     | main           |   Instruments : NDAQ
09:16:53 | INFO     | main           |   MT5 server  :  | login=0
09:16:53 | INFO     | main           |   Features    : Kelly=True | TrailingStop=True | SignalLog=True | Database=Disabled
09:16:53 | INFO     | main           | ============================================================
09:16:53 | INFO     | main           | [SUCCESS] Global database manager initialized
09:16:53 | INFO     | main           | [SUCCESS] All database components initialized
09:16:53 | INFO     | main           | MT5 connection established.
09:16:54 | INFO     | main           | Running buffer auto-calibration (this takes ~60 s)...
09:16:55 | INFO     | main           | Buffer optimal delay: {'NDAQ': 12} min per instrument
09:16:55 | INFO     | main           | Bot running. Press Ctrl+C to stop.
11:36:57 | INFO     | dashboard      | Bot started from dashboard
11:36:57 | INFO     | main           | ============================================================
11:36:57 | INFO     | main           |   CITADEL QUANT BOT  |  v2.2  |  PAPER MODE
11:36:57 | INFO     | main           |   Instruments : NDAQ
11:36:57 | INFO     | main           |   MT5 server  :  | login=0
11:36:57 | INFO     | main           |   Features    : Kelly=True | TrailingStop=True | SignalLog=True | Database=Disabled
11:36:57 | INFO     | main           | ============================================================
11:36:58 | INFO     | main           | [SUCCESS] Global database manager initialized
11:36:58 | INFO     | main           | [SUCCESS] All database components initialized
11:36:58 | INFO     | main           | MT5 connection established.
11:36:58 | INFO     | main           | Running buffer auto-calibration (this takes ~60 s)...
11:36:59 | INFO     | main           | Buffer optimal delay: {'NDAQ': 12} min per instrument
11:36:59 | INFO     | main           | Bot running. Press Ctrl+C to stop.
11:39:26 | INFO     | dashboard_service | [SUCCESS] MT5 connection initialized
11:40:35 | INFO     | dashboard      | Bot started from dashboard
11:40:36 | INFO     | main           | ============================================================
11:40:36 | INFO     | main           |   CITADEL QUANT BOT  |  v2.2  |  PAPER MODE
11:40:36 | INFO     | main           |   Instruments : NDAQ
11:40:36 | INFO     | main           |   MT5 server  :  | login=0
11:40:36 | INFO     | main           |   Features    : Kelly=True | TrailingStop=True | SignalLog=True | Database=Disabled
11:40:36 | INFO     | main           | ============================================================
11:40:36 | INFO     | main           | [SUCCESS] Global database manager initialized
11:40:36 | INFO     | main           | [SUCCESS] All database components initialized
11:40:36 | INFO     | main           | MT5 connection established.
11:40:37 | INFO     | main           | Running buffer auto-calibration (this takes ~60 s)...
11:40:37 | INFO     | main           | Buffer optimal delay: {'NDAQ': 12} min per instrument
11:40:37 | INFO     | main           | Bot running. Press Ctrl+C to stop.
21:25:50 | INFO     | main           | [NDAQ] SIGNAL → LONG | conf=66.2% | entry=91.26 SL=91.1781 TP1=91.38285 TP2=91.5057
21:25:51 | ERROR    | main           | Main loop error: 'RiskManager' object has no attribute '_today_macro_events_utc'
Traceback (most recent call last):
  File "C:\Users\user\Desktop\citadel_bot - 2.0\citadel_bot\main.py", line 126, in _main_loop
    await asyncio.gather(*tasks)
  File "C:\Users\user\Desktop\citadel_bot - 2.0\citadel_bot\main.py", line 196, in _process_instrument
    approved = self.risk.approve(signal_out, self.executor.get_account_value())
  File "C:\Users\user\Desktop\citadel_bot - 2.0\citadel_bot\risk_manager.py", line 69, in approve
    if not self._check_macro_calendar():
           ~~~~~~~~~~~~~~~~~~~~~~~~~~^^
  File "C:\Users\user\Desktop\citadel_bot - 2.0\citadel_bot\risk_manager.py", line 198, in _check_macro_calendar
    for event_dt, label in self._today_macro_events_utc(now):
                           ^^^^^^^^^^^^^^^^^^^^^^^^^^^^
AttributeError: 'RiskManager' object has no attribute '_today_macro_events_utc'
