07:42:57 | INFO     | main           | ============================================================
07:42:57 | INFO     | main           |   CITADEL QUANT BOT  |  v2.2  |  PAPER MODE
07:42:57 | INFO     | main           |   Instruments : NDAQ
07:42:57 | INFO     | main           |   MT5 server  : MetaQuotes-Demo | login=5049244607
07:42:57 | INFO     | main           |   Features    : Kelly=True | TrailingStop=True | SignalLog=True | Database=Disabled
07:42:57 | INFO     | main           | ============================================================
07:42:57 | INFO     | main           | ✅ Global database manager initialized
07:42:57 | INFO     | main           | ✅ All database components initialized
07:42:57 | INFO     | main           | MT5 connection established.
07:42:57 | INFO     | main           | Running buffer auto-calibration (this takes ~60 s)...
07:42:58 | INFO     | main           | Buffer optimal delay: {'NDAQ': 12} min per instrument
07:42:58 | INFO     | main           | Bot running. Press Ctrl+C to stop.
07:43:49 | INFO     | main           | Signal 2 received — stopping.
07:43:49 | INFO     | main           | Shutting down bot...
07:43:49 | INFO     | main           | Database connections closed.
07:43:49 | INFO     | main           | Bot stopped cleanly.
07:45:28 | INFO     | main           | ============================================================
07:45:28 | INFO     | main           |   CITADEL QUANT BOT  |  v2.2  |  PAPER MODE
07:45:28 | INFO     | main           |   Instruments : NDAQ
07:45:28 | INFO     | main           |   MT5 server  : MetaQuotes-Demo | login=5049244607
07:45:28 | INFO     | main           |   Features    : Kelly=True | TrailingStop=True | SignalLog=True | Database=Disabled
07:45:28 | INFO     | main           | ============================================================
07:45:28 | INFO     | main           | ✅ Global database manager initialized
07:45:28 | INFO     | main           | ✅ All database components initialized
07:45:28 | INFO     | main           | MT5 connection established.
07:45:28 | INFO     | main           | Running buffer auto-calibration (this takes ~60 s)...
07:45:28 | INFO     | main           | Buffer optimal delay: {'NDAQ': 12} min per instrument
07:45:28 | INFO     | main           | Bot running. Press Ctrl+C to stop.
07:45:36 | INFO     | main           | Signal 2 received — stopping.
07:45:36 | INFO     | main           | Shutting down bot...
07:45:36 | INFO     | main           | Database connections closed.
07:45:36 | INFO     | main           | Bot stopped cleanly.
07:50:56 | INFO     | main           | ============================================================
07:50:56 | INFO     | main           |   CITADEL QUANT BOT  |  v2.2  |  PAPER MODE
07:50:56 | INFO     | main           |   Instruments : NDAQ
07:50:56 | INFO     | main           |   MT5 server  : MetaQuotes-Demo | login=5049244607
07:50:56 | INFO     | main           |   Features    : Kelly=True | TrailingStop=True | SignalLog=True | Database=Disabled
07:50:56 | INFO     | main           | ============================================================
07:50:57 | INFO     | main           | ✅ Global database manager initialized
07:50:57 | INFO     | main           | ✅ All database components initialized
07:50:57 | INFO     | main           | MT5 connection established.
07:50:57 | INFO     | main           | Running buffer auto-calibration (this takes ~60 s)...
07:50:57 | INFO     | main           | Buffer optimal delay: {'NDAQ': 12} min per instrument
07:50:57 | INFO     | main           | Bot running. Press Ctrl+C to stop.
