09:09:59 | INFO     | main           | ============================================================
09:09:59 | INFO     | main           |   CITADEL QUANT BOT  |  v2.1  |  PAPER MODE
09:09:59 | INFO     | main           |   Instruments : US30, US500, NDAQ
09:09:59 | INFO     | main           |   MT5 server  : MetaQuotes-Demo | login=5049244607
09:09:59 | INFO     | main           | ============================================================
09:10:00 | INFO     | main           | MT5 connection established.
09:10:01 | INFO     | main           | Running buffer auto-calibration (this takes ~60 s)...
09:10:01 | INFO     | main           | Buffer optimal delay: {'US30': 8, 'US500': 6, 'NDAQ': 4} min per instrument
09:10:01 | INFO     | main           | Bot running. Press Ctrl+C to stop.
09:12:02 | INFO     | main           | [NDAQ] SIGNAL → LONG | conf=94.7% | entry=86.71 SL=86.6 TP1=86.88 TP2=87.04
09:12:02 | WARNING  | main           | [NDAQ] Signal rejected by risk manager.
09:12:32 | INFO     | main           | [NDAQ] SIGNAL → LONG | conf=75.7% | entry=86.71 SL=86.64 TP1=86.82 TP2=86.92
09:12:32 | WARNING  | main           | [NDAQ] Signal rejected by risk manager.
09:13:03 | INFO     | main           | [NDAQ] SIGNAL → LONG | conf=75.7% | entry=86.71 SL=86.64 TP1=86.82 TP2=86.92
09:13:03 | WARNING  | main           | [NDAQ] Signal rejected by risk manager.
09:13:33 | INFO     | main           | [NDAQ] SIGNAL → LONG | conf=75.7% | entry=86.71 SL=86.64 TP1=86.82 TP2=86.92
09:13:33 | WARNING  | main           | [NDAQ] Signal rejected by risk manager.
09:14:04 | INFO     | main           | [NDAQ] SIGNAL → LONG | conf=75.7% | entry=86.71 SL=86.64 TP1=86.82 TP2=86.92
09:14:04 | WARNING  | main           | [NDAQ] Signal rejected by risk manager.
09:14:35 | INFO     | main           | [NDAQ] SIGNAL → LONG | conf=75.7% | entry=86.71 SL=86.64 TP1=86.82 TP2=86.92
09:14:35 | WARNING  | main           | [NDAQ] Signal rejected by risk manager.
09:15:06 | INFO     | main           | [NDAQ] SIGNAL → LONG | conf=75.7% | entry=86.71 SL=86.64 TP1=86.82 TP2=86.92
09:15:06 | WARNING  | main           | [NDAQ] Signal rejected by risk manager.
09:15:36 | INFO     | main           | [NDAQ] SIGNAL → LONG | conf=75.7% | entry=86.71 SL=86.64 TP1=86.82 TP2=86.92
09:15:36 | WARNING  | main           | [NDAQ] Signal rejected by risk manager.
09:16:06 | INFO     | main           | [NDAQ] SIGNAL → LONG | conf=75.7% | entry=86.71 SL=86.64 TP1=86.82 TP2=86.92
09:16:06 | WARNING  | main           | [NDAQ] Signal rejected by risk manager.
09:16:37 | INFO     | main           | [NDAQ] SIGNAL → LONG | conf=75.7% | entry=86.71 SL=86.64 TP1=86.82 TP2=86.92
09:16:37 | WARNING  | main           | [NDAQ] Signal rejected by risk manager.
09:17:08 | INFO     | main           | [NDAQ] SIGNAL → LONG | conf=75.7% | entry=86.71 SL=86.64 TP1=86.82 TP2=86.92
09:17:08 | WARNING  | main           | [NDAQ] Signal rejected by risk manager.
09:17:39 | INFO     | main           | [NDAQ] SIGNAL → LONG | conf=75.7% | entry=86.71 SL=86.64 TP1=86.82 TP2=86.92
09:17:39 | WARNING  | main           | [NDAQ] Signal rejected by risk manager.
09:18:10 | INFO     | main           | [NDAQ] SIGNAL → LONG | conf=75.7% | entry=86.71 SL=86.64 TP1=86.82 TP2=86.92
09:18:10 | WARNING  | main           | [NDAQ] Signal rejected by risk manager.
09:18:40 | INFO     | main           | [NDAQ] SIGNAL → LONG | conf=75.7% | entry=86.71 SL=86.64 TP1=86.82 TP2=86.92
09:18:40 | WARNING  | main           | [NDAQ] Signal rejected by risk manager.
09:19:11 | INFO     | main           | [NDAQ] SIGNAL → LONG | conf=75.7% | entry=86.71 SL=86.64 TP1=86.82 TP2=86.92
09:19:11 | WARNING  | main           | [NDAQ] Signal rejected by risk manager.
09:19:41 | INFO     | main           | [NDAQ] SIGNAL → LONG | conf=75.7% | entry=86.71 SL=86.64 TP1=86.82 TP2=86.92
09:19:41 | WARNING  | main           | [NDAQ] Signal rejected by risk manager.
09:20:12 | INFO     | main           | [NDAQ] SIGNAL → LONG | conf=75.7% | entry=86.71 SL=86.64 TP1=86.82 TP2=86.92
09:20:12 | WARNING  | main           | [NDAQ] Signal rejected by risk manager.
09:20:43 | INFO     | main           | [NDAQ] SIGNAL → LONG | conf=75.7% | entry=86.71 SL=86.64 TP1=86.82 TP2=86.92
09:20:43 | WARNING  | main           | [NDAQ] Signal rejected by risk manager.
09:21:14 | INFO     | main           | [NDAQ] SIGNAL → LONG | conf=75.7% | entry=86.71 SL=86.64 TP1=86.82 TP2=86.92
09:21:14 | WARNING  | main           | [NDAQ] Signal rejected by risk manager.
09:21:45 | INFO     | main           | [NDAQ] SIGNAL → LONG | conf=75.7% | entry=86.71 SL=86.64 TP1=86.82 TP2=86.92
09:21:45 | WARNING  | main           | [NDAQ] Signal rejected by risk manager.
09:22:16 | INFO     | main           | [NDAQ] SIGNAL → LONG | conf=75.7% | entry=86.71 SL=86.64 TP1=86.82 TP2=86.92
09:22:16 | WARNING  | main           | [NDAQ] Signal rejected by risk manager.
09:22:47 | INFO     | main           | [NDAQ] SIGNAL → LONG | conf=75.7% | entry=86.71 SL=86.64 TP1=86.82 TP2=86.92
09:22:47 | WARNING  | main           | [NDAQ] Signal rejected by risk manager.
09:23:17 | INFO     | main           | [NDAQ] SIGNAL → LONG | conf=75.7% | entry=86.71 SL=86.64 TP1=86.82 TP2=86.92
09:23:17 | WARNING  | main           | [NDAQ] Signal rejected by risk manager.
09:23:48 | INFO     | main           | [NDAQ] SIGNAL → LONG | conf=75.7% | entry=86.71 SL=86.64 TP1=86.82 TP2=86.92
09:23:48 | WARNING  | main           | [NDAQ] Signal rejected by risk manager.
09:24:19 | INFO     | main           | [NDAQ] SIGNAL → LONG | conf=75.7% | entry=86.71 SL=86.64 TP1=86.82 TP2=86.92
09:24:19 | WARNING  | main           | [NDAQ] Signal rejected by risk manager.
09:24:50 | INFO     | main           | [NDAQ] SIGNAL → LONG | conf=75.7% | entry=86.71 SL=86.64 TP1=86.82 TP2=86.92
09:24:50 | WARNING  | main           | [NDAQ] Signal rejected by risk manager.
09:25:21 | INFO     | main           | [NDAQ] SIGNAL → LONG | conf=75.7% | entry=86.71 SL=86.64 TP1=86.82 TP2=86.92
09:25:21 | WARNING  | main           | [NDAQ] Signal rejected by risk manager.
09:25:52 | INFO     | main           | [NDAQ] SIGNAL → LONG | conf=75.7% | entry=86.71 SL=86.64 TP1=86.82 TP2=86.92
09:25:52 | WARNING  | main           | [NDAQ] Signal rejected by risk manager.
09:26:23 | INFO     | main           | [NDAQ] SIGNAL → LONG | conf=75.7% | entry=86.71 SL=86.64 TP1=86.82 TP2=86.92
09:26:23 | WARNING  | main           | [NDAQ] Signal rejected by risk manager.
09:26:54 | INFO     | main           | [NDAQ] SIGNAL → LONG | conf=75.7% | entry=86.71 SL=86.64 TP1=86.82 TP2=86.92
09:26:54 | WARNING  | main           | [NDAQ] Signal rejected by risk manager.
09:27:25 | INFO     | main           | [NDAQ] SIGNAL → LONG | conf=75.7% | entry=86.71 SL=86.64 TP1=86.82 TP2=86.92
09:27:25 | WARNING  | main           | [NDAQ] Signal rejected by risk manager.
09:27:56 | INFO     | main           | [NDAQ] SIGNAL → LONG | conf=75.7% | entry=86.71 SL=86.64 TP1=86.82 TP2=86.92
09:27:56 | WARNING  | main           | [NDAQ] Signal rejected by risk manager.
09:28:27 | INFO     | main           | [NDAQ] SIGNAL → LONG | conf=75.7% | entry=86.71 SL=86.64 TP1=86.82 TP2=86.92
09:28:27 | WARNING  | main           | [NDAQ] Signal rejected by risk manager.
09:28:57 | INFO     | main           | [NDAQ] SIGNAL → LONG | conf=75.7% | entry=86.71 SL=86.64 TP1=86.82 TP2=86.92
09:28:57 | WARNING  | main           | [NDAQ] Signal rejected by risk manager.
09:29:01 | INFO     | main           | Signal 2 received — stopping.
09:29:01 | INFO     | main           | Shutting down bot...
09:29:01 | INFO     | main           | Bot stopped cleanly.
14:49:56 | INFO     | main           | ============================================================
14:49:56 | INFO     | main           |   CITADEL QUANT BOT  |  v2.1  |  PAPER MODE
14:49:56 | INFO     | main           |   Instruments : EURUSD, USDCHF
14:49:56 | INFO     | main           |   MT5 server  :  | login=0
14:49:56 | INFO     | main           | ============================================================
14:49:56 | INFO     | main           | MT5 connection established.
14:49:56 | INFO     | main           | Running buffer auto-calibration (this takes ~60 s)...
14:49:56 | INFO     | main           | Buffer optimal delay: {'EURUSD': 30, 'USDCHF': 30} min per instrument
14:49:56 | INFO     | main           | Bot running. Press Ctrl+C to stop.
14:51:21 | INFO     | main           | Signal 2 received — stopping.
14:51:21 | INFO     | main           | Shutting down bot...
14:51:21 | INFO     | main           | Bot stopped cleanly.
14:51:45 | INFO     | main           | ============================================================
14:51:45 | INFO     | main           |   CITADEL QUANT BOT  |  v2.1  |  PAPER MODE
14:51:45 | INFO     | main           |   Instruments : USDCHF
14:51:45 | INFO     | main           |   MT5 server  :  | login=0
14:51:45 | INFO     | main           | ============================================================
14:51:45 | INFO     | main           | MT5 connection established.
14:51:46 | INFO     | main           | Running buffer auto-calibration (this takes ~60 s)...
14:51:46 | INFO     | main           | Buffer optimal delay: {'USDCHF': 32} min per instrument
14:51:46 | INFO     | main           | Bot running. Press Ctrl+C to stop.
14:51:56 | INFO     | main           | Signal 2 received — stopping.
14:51:56 | INFO     | main           | Shutting down bot...
14:51:56 | INFO     | main           | Bot stopped cleanly.
14:52:36 | INFO     | main           | ============================================================
14:52:36 | INFO     | main           |   CITADEL QUANT BOT  |  v2.1  |  PAPER MODE
14:52:36 | INFO     | main           |   Instruments : NDAQ, USDCHF
14:52:36 | INFO     | main           |   MT5 server  : MetaQuotes-Demo | login=5049244607
14:52:36 | INFO     | main           | ============================================================
14:52:36 | INFO     | main           | MT5 connection established.
14:52:37 | INFO     | main           | Running buffer auto-calibration (this takes ~60 s)...
14:52:37 | INFO     | main           | Buffer optimal delay: {'NDAQ': 4, 'USDCHF': 32} min per instrument
14:52:37 | INFO     | main           | Bot running. Press Ctrl+C to stop.
14:54:38 | INFO     | main           | [NDAQ] SIGNAL → LONG | conf=75.7% | entry=86.71 SL=86.64 TP1=86.82 TP2=86.92
14:54:38 | WARNING  | main           | [NDAQ] Signal rejected by risk manager.
14:55:08 | INFO     | main           | [NDAQ] SIGNAL → LONG | conf=75.7% | entry=86.71 SL=86.64 TP1=86.82 TP2=86.92
14:55:08 | WARNING  | main           | [NDAQ] Signal rejected by risk manager.
14:55:38 | INFO     | main           | [NDAQ] SIGNAL → LONG | conf=75.7% | entry=86.71 SL=86.64 TP1=86.82 TP2=86.92
14:55:38 | WARNING  | main           | [NDAQ] Signal rejected by risk manager.
14:56:09 | INFO     | main           | [NDAQ] SIGNAL → LONG | conf=75.7% | entry=86.71 SL=86.64 TP1=86.82 TP2=86.92
14:56:09 | WARNING  | main           | [NDAQ] Signal rejected by risk manager.
14:56:39 | INFO     | main           | [NDAQ] SIGNAL → LONG | conf=75.7% | entry=86.71 SL=86.64 TP1=86.82 TP2=86.92
14:56:39 | WARNING  | main           | [NDAQ] Signal rejected by risk manager.
14:57:10 | INFO     | main           | [NDAQ] SIGNAL → LONG | conf=75.7% | entry=86.71 SL=86.64 TP1=86.82 TP2=86.92
14:57:10 | WARNING  | main           | [NDAQ] Signal rejected by risk manager.
14:57:40 | INFO     | main           | [NDAQ] SIGNAL → LONG | conf=75.7% | entry=86.71 SL=86.64 TP1=86.82 TP2=86.92
14:57:40 | WARNING  | main           | [NDAQ] Signal rejected by risk manager.
14:58:11 | INFO     | main           | [NDAQ] SIGNAL → LONG | conf=75.7% | entry=86.71 SL=86.64 TP1=86.82 TP2=86.92
14:58:11 | WARNING  | main           | [NDAQ] Signal rejected by risk manager.
14:58:41 | INFO     | main           | [NDAQ] SIGNAL → LONG | conf=75.7% | entry=86.71 SL=86.64 TP1=86.82 TP2=86.92
14:58:41 | WARNING  | main           | [NDAQ] Signal rejected by risk manager.
14:59:12 | INFO     | main           | [NDAQ] SIGNAL → LONG | conf=75.7% | entry=86.71 SL=86.64 TP1=86.82 TP2=86.92
14:59:12 | WARNING  | main           | [NDAQ] Signal rejected by risk manager.
14:59:42 | INFO     | main           | [NDAQ] SIGNAL → LONG | conf=75.7% | entry=86.71 SL=86.64 TP1=86.82 TP2=86.92
14:59:42 | WARNING  | main           | [NDAQ] Signal rejected by risk manager.
15:00:13 | INFO     | main           | [NDAQ] SIGNAL → LONG | conf=75.7% | entry=86.71 SL=86.64 TP1=86.82 TP2=86.92
15:00:13 | WARNING  | main           | [NDAQ] Signal rejected by risk manager.
15:00:43 | INFO     | main           | [NDAQ] SIGNAL → LONG | conf=75.7% | entry=86.71 SL=86.64 TP1=86.82 TP2=86.92
15:00:43 | WARNING  | main           | [NDAQ] Signal rejected by risk manager.
15:01:14 | INFO     | main           | [NDAQ] SIGNAL → LONG | conf=75.7% | entry=86.71 SL=86.64 TP1=86.82 TP2=86.92
15:01:14 | WARNING  | main           | [NDAQ] Signal rejected by risk manager.
15:01:44 | INFO     | main           | [NDAQ] SIGNAL → LONG | conf=75.7% | entry=86.71 SL=86.64 TP1=86.82 TP2=86.92
15:01:44 | WARNING  | main           | [NDAQ] Signal rejected by risk manager.
15:02:15 | INFO     | main           | [NDAQ] SIGNAL → LONG | conf=75.7% | entry=86.71 SL=86.64 TP1=86.82 TP2=86.92
15:02:15 | WARNING  | main           | [NDAQ] Signal rejected by risk manager.
15:02:45 | INFO     | main           | [NDAQ] SIGNAL → LONG | conf=75.7% | entry=86.71 SL=86.64 TP1=86.82 TP2=86.92
15:02:45 | WARNING  | main           | [NDAQ] Signal rejected by risk manager.
15:03:16 | INFO     | main           | [NDAQ] SIGNAL → LONG | conf=75.7% | entry=86.71 SL=86.64 TP1=86.82 TP2=86.92
15:03:16 | WARNING  | main           | [NDAQ] Signal rejected by risk manager.
15:03:46 | INFO     | main           | [NDAQ] SIGNAL → LONG | conf=75.7% | entry=86.71 SL=86.64 TP1=86.82 TP2=86.92
15:03:46 | WARNING  | main           | [NDAQ] Signal rejected by risk manager.
15:04:17 | INFO     | main           | [NDAQ] SIGNAL → LONG | conf=75.7% | entry=86.71 SL=86.64 TP1=86.82 TP2=86.92
15:04:17 | WARNING  | main           | [NDAQ] Signal rejected by risk manager.
15:04:47 | INFO     | main           | [NDAQ] SIGNAL → LONG | conf=75.7% | entry=86.71 SL=86.64 TP1=86.82 TP2=86.92
15:04:47 | WARNING  | main           | [NDAQ] Signal rejected by risk manager.
15:05:18 | INFO     | main           | [NDAQ] SIGNAL → LONG | conf=75.7% | entry=86.71 SL=86.64 TP1=86.82 TP2=86.92
15:05:18 | WARNING  | main           | [NDAQ] Signal rejected by risk manager.
15:05:48 | INFO     | main           | [NDAQ] SIGNAL → LONG | conf=75.7% | entry=86.71 SL=86.64 TP1=86.82 TP2=86.92
15:05:48 | WARNING  | main           | [NDAQ] Signal rejected by risk manager.
15:06:07 | INFO     | main           | Signal 2 received — stopping.
15:06:07 | INFO     | main           | Shutting down bot...
15:06:07 | INFO     | main           | Bot stopped cleanly.
15:39:04 | INFO     | main           | ============================================================
15:39:04 | INFO     | main           |   CITADEL QUANT BOT  |  v2.1  |  PAPER MODE
15:39:04 | INFO     | main           |   Instruments : NDAQ, USDCHF
15:39:04 | INFO     | main           |   MT5 server  : MetaQuotes-Demo | login=5049244607
15:39:04 | INFO     | main           | ============================================================
15:39:04 | INFO     | main           | MT5 connection established.
15:39:04 | INFO     | main           | Running buffer auto-calibration (this takes ~60 s)...
15:39:04 | INFO     | main           | Buffer optimal delay: {'NDAQ': 4, 'USDCHF': 30} min per instrument
15:39:04 | INFO     | main           | Bot running. Press Ctrl+C to stop.
15:41:05 | INFO     | main           | [NDAQ] SIGNAL → LONG | conf=75.7% | entry=86.71 SL=86.63868 TP1=86.81698 TP2=86.92397
15:41:35 | INFO     | main           | [NDAQ] SIGNAL → LONG | conf=75.7% | entry=86.71 SL=86.63868 TP1=86.81698 TP2=86.92397
15:42:05 | INFO     | main           | [NDAQ] SIGNAL → LONG | conf=75.7% | entry=86.71 SL=86.63868 TP1=86.81698 TP2=86.92397
15:42:36 | INFO     | main           | [NDAQ] SIGNAL → LONG | conf=75.7% | entry=86.71 SL=86.63868 TP1=86.81698 TP2=86.92397
15:43:06 | INFO     | main           | [NDAQ] SIGNAL → LONG | conf=75.7% | entry=86.71 SL=86.63868 TP1=86.81698 TP2=86.92397
15:43:35 | INFO     | main           | Signal 2 received — stopping.
15:43:35 | INFO     | main           | Shutting down bot...
15:43:35 | INFO     | main           | Bot stopped cleanly.
15:43:52 | INFO     | main           | ============================================================
15:43:52 | INFO     | main           |   CITADEL QUANT BOT  |  v2.1  |  PAPER MODE
15:43:52 | INFO     | main           |   Instruments : NDAQ, USDCHF
15:43:52 | INFO     | main           |   MT5 server  : MetaQuotes-Demo | login=5049244607
15:43:52 | INFO     | main           | ============================================================
15:43:52 | INFO     | main           | MT5 connection established.
15:43:52 | INFO     | main           | Running buffer auto-calibration (this takes ~60 s)...
15:43:52 | INFO     | main           | Buffer optimal delay: {'NDAQ': 4, 'USDCHF': 30} min per instrument
15:43:52 | INFO     | main           | Bot running. Press Ctrl+C to stop.
15:45:53 | INFO     | main           | [NDAQ] SIGNAL → LONG | conf=75.7% | entry=87.76 SL=87.68868 TP1=87.86698 TP2=87.97397
15:46:25 | INFO     | main           | [NDAQ] SIGNAL → LONG | conf=75.7% | entry=87.76 SL=87.68868 TP1=87.86698 TP2=87.97397
15:46:56 | INFO     | main           | [NDAQ] SIGNAL → LONG | conf=75.7% | entry=87.79 SL=87.71868 TP1=87.89698 TP2=88.00397
15:47:28 | INFO     | main           | [NDAQ] SIGNAL → LONG | conf=100.0% | entry=87.78 SL=87.60191 TP1=88.04713 TP2=88.31426
15:47:59 | INFO     | main           | [NDAQ] SIGNAL → LONG | conf=100.0% | entry=87.86 SL=87.65877 TP1=88.16184 TP2=88.46369
15:48:31 | INFO     | main           | [NDAQ] SIGNAL → LONG | conf=100.0% | entry=87.77 SL=87.56877 TP1=88.07184 TP2=88.37369
15:49:03 | INFO     | main           | [NDAQ] SIGNAL → LONG | conf=100.0% | entry=88.24 SL=88.04929 TP1=88.52607 TP2=88.81214
15:49:33 | INFO     | main           | [NDAQ] SIGNAL → LONG | conf=100.0% | entry=88.09 SL=87.87636 TP1=88.41046 TP2=88.73092
15:50:03 | INFO     | main           | [NDAQ] SIGNAL → LONG | conf=100.0% | entry=88.08 SL=87.85479 TP1=88.41782 TP2=88.75564
15:50:19 | INFO     | main           | Signal 2 received — stopping.
15:50:19 | INFO     | main           | Shutting down bot...
15:50:19 | INFO     | main           | Bot stopped cleanly.
15:50:39 | INFO     | main           | ============================================================
15:50:39 | INFO     | main           |   CITADEL QUANT BOT  |  v2.1  |  PAPER MODE
15:50:39 | INFO     | main           |   Instruments : NDAQ, USDCHF
15:50:39 | INFO     | main           |   MT5 server  : MetaQuotes-Demo | login=5049244607
15:50:39 | INFO     | main           | ============================================================
15:50:39 | INFO     | main           | MT5 connection established.
15:50:39 | INFO     | main           | Running buffer auto-calibration (this takes ~60 s)...
15:50:39 | INFO     | main           | Buffer optimal delay: {'NDAQ': 18, 'USDCHF': 30} min per instrument
15:50:39 | INFO     | main           | Bot running. Press Ctrl+C to stop.
16:05:47 | INFO     | main           | [NDAQ] SIGNAL → LONG | conf=100.0% | entry=87.93 SL=87.59623 TP1=88.43065 TP2=88.9313
16:06:19 | INFO     | main           | [NDAQ] SIGNAL → LONG | conf=100.0% | entry=88.09 SL=87.74922 TP1=88.60117 TP2=89.11235
16:06:49 | INFO     | main           | [NDAQ] SIGNAL → LONG | conf=100.0% | entry=88.17 SL=87.82408 TP1=88.68889 TP2=89.20777
16:07:20 | INFO     | main           | [NDAQ] SIGNAL → LONG | conf=100.0% | entry=88.11 SL=87.75278 TP1=88.64582 TP2=89.18165
16:07:50 | INFO     | main           | [NDAQ] SIGNAL → LONG | conf=100.0% | entry=88.11 SL=87.74893 TP1=88.65161 TP2=89.19322
16:08:21 | INFO     | main           | [NDAQ] SIGNAL → LONG | conf=100.0% | entry=88.11 SL=87.74893 TP1=88.65161 TP2=89.19322
16:08:54 | INFO     | main           | [NDAQ] SIGNAL → LONG | conf=98.4% | entry=88.19 SL=87.82129 TP1=88.74307 TP2=89.29613
16:09:24 | INFO     | main           | [NDAQ] SIGNAL → LONG | conf=100.0% | entry=88.19 SL=87.84763 TP1=88.70356 TP2=89.21712
16:09:54 | INFO     | main           | [NDAQ] SIGNAL → LONG | conf=100.0% | entry=88.17 SL=87.82763 TP1=88.68356 TP2=89.19712
16:13:58 | INFO     | main           | [NDAQ] SIGNAL → LONG | conf=71.3% | entry=88.15 SL=87.84086 TP1=88.61371 TP2=89.07743
16:14:59 | INFO     | main           | [NDAQ] SIGNAL → LONG | conf=70.7% | entry=88.23 SL=87.92907 TP1=88.68139 TP2=89.13279
16:15:29 | INFO     | main           | [NDAQ] SIGNAL → LONG | conf=81.7% | entry=88.19 SL=87.88944 TP1=88.64083 TP2=89.09167
16:16:00 | INFO     | main           | [NDAQ] SIGNAL → LONG | conf=82.3% | entry=88.21 SL=87.8953 TP1=88.68205 TP2=89.1541
16:19:33 | INFO     | main           | [NDAQ] SIGNAL → LONG | conf=81.4% | entry=88.21 SL=87.92952 TP1=88.63073 TP2=89.05145
16:21:34 | INFO     | main           | [NDAQ] SIGNAL → LONG | conf=90.8% | entry=88.19 SL=87.92417 TP1=88.58874 TP2=88.98749
16:22:05 | INFO     | main           | [NDAQ] SIGNAL → LONG | conf=91.9% | entry=88.28 SL=88.0026 TP1=88.6961 TP2=89.1122
16:22:35 | INFO     | main           | [NDAQ] SIGNAL → LONG | conf=82.0% | entry=88.24 SL=87.96992 TP1=88.64511 TP2=89.05023
16:23:06 | INFO     | main           | [NDAQ] SIGNAL → LONG | conf=82.4% | entry=88.44 SL=88.16992 TP1=88.84511 TP2=89.25023
16:23:36 | INFO     | main           | [NDAQ] SIGNAL → LONG | conf=83.0% | entry=88.49 SL=88.23407 TP1=88.87389 TP2=89.25778
16:24:07 | INFO     | main           | [NDAQ] SIGNAL → LONG | conf=93.5% | entry=88.44 SL=88.17507 TP1=88.83739 TP2=89.23478
16:24:37 | INFO     | main           | [NDAQ] SIGNAL → LONG | conf=83.2% | entry=88.53 SL=88.27114 TP1=88.91829 TP2=89.30658
16:25:08 | INFO     | main           | [NDAQ] SIGNAL → LONG | conf=83.5% | entry=88.49 SL=88.22985 TP1=88.88022 TP2=89.27044
16:25:38 | INFO     | main           | [NDAQ] SIGNAL → LONG | conf=83.9% | entry=88.55 SL=88.30458 TP1=88.91813 TP2=89.28627
16:26:09 | INFO     | main           | [NDAQ] SIGNAL → LONG | conf=83.3% | entry=88.56 SL=88.31201 TP1=88.93199 TP2=89.30398
16:26:39 | INFO     | main           | [NDAQ] SIGNAL → LONG | conf=83.1% | entry=88.57 SL=88.33843 TP1=88.91735 TP2=89.2647
16:27:09 | INFO     | main           | [NDAQ] SIGNAL → LONG | conf=82.8% | entry=88.55 SL=88.31586 TP1=88.90121 TP2=89.25241
16:39:20 | INFO     | main           | [NDAQ] SIGNAL → LONG | conf=79.0% | entry=88.38 SL=88.15137 TP1=88.72294 TP2=89.06589
16:39:50 | INFO     | main           | [NDAQ] SIGNAL → LONG | conf=94.1% | entry=88.38 SL=88.15227 TP1=88.72159 TP2=89.06318
16:40:20 | INFO     | main           | [NDAQ] SIGNAL → LONG | conf=94.0% | entry=88.37 SL=88.14227 TP1=88.71159 TP2=89.05318
16:40:51 | INFO     | main           | [NDAQ] SIGNAL → LONG | conf=93.3% | entry=88.38 SL=88.16083 TP1=88.70876 TP2=89.03752
16:41:21 | INFO     | main           | [NDAQ] SIGNAL → LONG | conf=93.3% | entry=88.39 SL=88.16697 TP1=88.72455 TP2=89.0591
16:45:25 | INFO     | main           | [NDAQ] SIGNAL → LONG | conf=81.3% | entry=88.41 SL=88.22713 TP1=88.6843 TP2=88.95861
16:45:55 | INFO     | main           | [NDAQ] SIGNAL → LONG | conf=81.3% | entry=88.43 SL=88.24713 TP1=88.7043 TP2=88.97861
16:46:26 | INFO     | main           | [NDAQ] SIGNAL → LONG | conf=84.2% | entry=88.36 SL=88.18248 TP1=88.62628 TP2=88.89257
16:52:31 | INFO     | main           | [NDAQ] SIGNAL → LONG | conf=83.2% | entry=88.28 SL=88.13037 TP1=88.50444 TP2=88.72889
17:02:15 | INFO     | main           | Signal 2 received — stopping.
17:02:15 | INFO     | main           | Shutting down bot...
17:02:15 | INFO     | main           | Bot stopped cleanly.
17:12:44 | INFO     | main           | ============================================================
17:12:44 | INFO     | main           |   CITADEL QUANT BOT  |  v2.1  |  PAPER MODE
17:12:44 | INFO     | main           |   Instruments : NDAQ
17:12:44 | INFO     | main           |   MT5 server  : MetaQuotes-Demo | login=5049244607
17:12:44 | INFO     | main           | ============================================================
17:12:44 | INFO     | main           | MT5 connection established.
17:12:44 | INFO     | main           | Running buffer auto-calibration (this takes ~60 s)...
17:12:44 | INFO     | main           | Buffer optimal delay: {'NDAQ': 16} min per instrument
17:12:44 | INFO     | main           | Bot running. Press Ctrl+C to stop.
17:26:18 | INFO     | main           | [NDAQ] SIGNAL → LONG | conf=100.0% | entry=88.22 SL=88.1242 TP1=88.3637 TP2=88.5074
17:26:48 | INFO     | main           | [NDAQ] SIGNAL → LONG | conf=100.0% | entry=88.2 SL=88.10034 TP1=88.34948 TP2=88.49897
17:29:50 | INFO     | main           | [NDAQ] SIGNAL → LONG | conf=100.0% | entry=88.28 SL=88.19192 TP1=88.41211 TP2=88.54423
17:30:20 | INFO     | main           | [NDAQ] SIGNAL → LONG | conf=99.0% | entry=88.29 SL=88.20064 TP1=88.42404 TP2=88.55808
17:30:50 | INFO     | main           | [NDAQ] SIGNAL → LONG | conf=65.7% | entry=88.29 SL=88.20059 TP1=88.42411 TP2=88.55822
17:32:21 | INFO     | main           | [NDAQ] SIGNAL → LONG | conf=69.4% | entry=88.32 SL=88.21366 TP1=88.47951 TP2=88.63902
17:32:51 | INFO     | main           | [NDAQ] SIGNAL → LONG | conf=68.9% | entry=88.37 SL=88.26366 TP1=88.52951 TP2=88.68902
17:33:52 | INFO     | main           | [NDAQ] SIGNAL → LONG | conf=65.8% | entry=88.36 SL=88.25226 TP1=88.52162 TP2=88.68323
17:34:22 | INFO     | main           | [NDAQ] SIGNAL → LONG | conf=92.4% | entry=88.37 SL=88.26609 TP1=88.52586 TP2=88.68172
17:34:53 | INFO     | main           | [NDAQ] SIGNAL → LONG | conf=91.9% | entry=88.35 SL=88.24352 TP1=88.50972 TP2=88.66943
07:56:16 | INFO     | main           | Signal 2 received — stopping.
07:56:16 | INFO     | main           | Shutting down bot...
07:56:16 | INFO     | main           | Bot stopped cleanly.
