11:18:16 | INFO     | dashboard      | Bot started from dashboard
11:18:26 | ERROR    | dashboard      | Error running bot: MetaApi credentials are missing. Set these environment variables: CITADEL_METAAPI_TOKEN, CITADEL_METAAPI_ACCOUNT_ID
13:05:21 | INFO     | dashboard      | Bot started from dashboard
13:06:12 | INFO     | main           | ============================================================
13:06:12 | INFO     | main           |   CITADEL QUANT BOT  |  v2.2  |  PAPER MODE
13:06:12 | INFO     | main           |   Instruments : NDAQ
13:06:12 | INFO     | main           |   MetaApi account: 75201859-2860-454b-9137-d933ed8f40f8
13:06:12 | INFO     | main           |   Features    : Kelly=True | TrailingStop=True | SignalLog=True | Database=Disabled
13:06:12 | INFO     | main           | ============================================================
13:06:12 | WARNING  | main           | ⚠️  Database initialization failed, continuing with CSV fallbacks: connection was closed in the middle of operation
13:06:12 | INFO     | main           | MetaApi connection established.
13:06:13 | INFO     | main           | Running buffer auto-calibration (this takes ~60 s)...
13:06:13 | INFO     | main           | Buffer optimal delay: {'NDAQ': 12} min per instrument
13:06:13 | INFO     | main           | Bot running. Press Ctrl+C to stop.
13:21:30 | INFO     | dashboard      | Bot started from dashboard
13:22:20 | INFO     | main           | ============================================================
13:22:20 | INFO     | main           |   CITADEL QUANT BOT  |  v2.2  |  PAPER MODE
13:22:20 | INFO     | main           |   Instruments : NDAQ
13:22:20 | INFO     | main           |   MetaApi account: 75201859-2860-454b-9137-d933ed8f40f8
13:22:20 | INFO     | main           |   Features    : Kelly=True | TrailingStop=True | SignalLog=True | Database=Disabled
13:22:20 | INFO     | main           | ============================================================
13:22:21 | WARNING  | main           | ⚠️  Database initialization failed, continuing with CSV fallbacks: password authentication failed for user "postgres"
13:22:21 | INFO     | main           | MetaApi connection established.
13:22:21 | INFO     | main           | Running buffer auto-calibration (this takes ~60 s)...
13:22:21 | INFO     | main           | Buffer optimal delay: {'NDAQ': 12} min per instrument
13:22:21 | INFO     | main           | Bot running. Press Ctrl+C to stop.
13:28:30 | INFO     | dashboard      | Bot started from dashboard
13:28:59 | ERROR    | dashboard      | Error running bot: CitadelBot.__init__() missing 1 required positional argument: 'connection'
13:32:21 | INFO     | dashboard      | Bot started from dashboard
13:32:51 | ERROR    | dashboard      | Error running bot: CitadelBot.__init__() missing 1 required positional argument: 'connection'
13:39:47 | INFO     | dashboard      | Bot started from dashboard
13:39:49 | ERROR    | dashboard      | Error running bot: no running event loop
13:39:59 | INFO     | dashboard      | Bot started from dashboard
13:39:59 | ERROR    | dashboard      | Error running bot: no running event loop
13:42:21 | INFO     | dashboard      | Bot started from dashboard
13:43:02 | INFO     | main           | ============================================================
13:43:02 | INFO     | main           |   CITADEL QUANT BOT  |  v2.2  |  PAPER MODE
13:43:02 | INFO     | main           |   Instruments : NDAQ
13:43:02 | INFO     | main           |   MetaApi account: 75201859-2860-454b-9137-d933ed8f40f8
13:43:02 | INFO     | main           |   Features    : Kelly=True | TrailingStop=True | SignalLog=True | Database=Disabled
13:43:02 | INFO     | main           | ============================================================
13:43:02 | WARNING  | main           | ⚠️  Database initialization failed, continuing with CSV fallbacks: password authentication failed for user "postgres"
13:43:02 | INFO     | main           | MetaApi connection established.
13:43:04 | INFO     | main           | Running buffer auto-calibration (this takes ~60 s)...
13:43:06 | INFO     | main           | Buffer optimal delay: {'NDAQ': 12} min per instrument
13:43:06 | INFO     | main           | Bot running. Press Ctrl+C to stop.
14:36:28 | INFO     | dashboard      | Bot started from dashboard
14:37:24 | INFO     | main           | ============================================================
14:37:24 | INFO     | main           |   CITADEL QUANT BOT  |  v2.2  |  PAPER MODE
14:37:24 | INFO     | main           |   Instruments : NDAQ
14:37:24 | INFO     | main           |   MetaApi account: 75201859-2860-454b-9137-d933ed8f40f8
14:37:24 | INFO     | main           |   Features    : Kelly=True | TrailingStop=True | SignalLog=True | Database=Disabled
14:37:24 | INFO     | main           | ============================================================
14:37:24 | WARNING  | main           | ⚠️  Database initialization failed, continuing with CSV fallbacks: password authentication failed for user "postgres"
14:37:24 | INFO     | main           | MetaApi connection established.
14:37:27 | INFO     | main           | Running buffer auto-calibration (this takes ~60 s)...
14:37:29 | INFO     | main           | Buffer optimal delay: {'NDAQ': 12} min per instrument
14:37:29 | INFO     | main           | Bot running. Press Ctrl+C to stop.
15:52:29 | INFO     | dashboard      | Bot started from dashboard
16:02:44 | INFO     | dashboard      | Bot started from dashboard
16:03:39 | INFO     | main           | ============================================================
16:03:39 | INFO     | main           |   CITADEL QUANT BOT  |  v2.2  |  PAPER MODE
16:03:39 | INFO     | main           |   Instruments : NDAQ
16:03:39 | INFO     | main           |   MetaApi account: 75201859-2860-454b-9137-d933ed8f40f8
16:03:39 | INFO     | main           |   Features    : Kelly=True | TrailingStop=True | SignalLog=True | Database=Disabled
16:03:39 | INFO     | main           | ============================================================
16:03:39 | WARNING  | main           | ⚠️  Database initialization failed, continuing with CSV fallbacks: password authentication failed for user "postgres"
16:03:39 | INFO     | main           | MetaApi connection established.
16:03:42 | INFO     | main           | Running buffer auto-calibration (this takes ~60 s)...
16:03:45 | INFO     | main           | Buffer optimal delay: {'NDAQ': 12} min per instrument
16:03:45 | INFO     | main           | Bot running. Press Ctrl+C to stop.
18:50:36 | INFO     | dashboard      | Bot started from dashboard
18:51:22 | INFO     | main           | ============================================================
18:51:22 | INFO     | main           |   CITADEL QUANT BOT  |  v2.2  |  PAPER MODE
18:51:22 | INFO     | main           |   Instruments : NDAQ
18:51:22 | INFO     | main           |   MetaApi account: 75201859-2860-454b-9137-d933ed8f40f8
18:51:22 | INFO     | main           |   Features    : Kelly=True | TrailingStop=True | SignalLog=True | Database=Disabled
18:51:22 | INFO     | main           | ============================================================
18:51:24 | WARNING  | main           | ⚠️  Database initialization failed, continuing with CSV fallbacks: password authentication failed for user "postgres"
18:51:24 | INFO     | main           | MetaApi connection established.
18:51:27 | INFO     | main           | Running buffer auto-calibration (this takes ~60 s)...
18:51:32 | INFO     | main           | Buffer optimal delay: {'NDAQ': 12} min per instrument
18:51:32 | INFO     | main           | Bot running. Press Ctrl+C to stop.
19:58:56 | INFO     | dashboard      | Bot started from dashboard
20:03:23 | INFO     | dashboard      | Bot started from dashboard
20:04:02 | ERROR    | dashboard      | Error running bot: Timed out waiting for MetaApi to synchronize to MetaTrader account 75201859-2860-454b-9137-d933ed8f40f8, synchronization id None
20:08:24 | ERROR    | dashboard      | Error running bot: Timed out waiting for MetaApi to synchronize to MetaTrader account 75201859-2860-454b-9137-d933ed8f40f8, synchronization id None
20:14:52 | INFO     | dashboard      | Bot started from dashboard
20:19:55 | ERROR    | dashboard      | Error running bot: Timed out waiting for MetaApi to synchronize to MetaTrader account 75201859-2860-454b-9137-d933ed8f40f8, synchronization id None
