10:16:05 | INFO     | dashboard      | Bot started from dashboard
10:16:31 | INFO     | main           | ============================================================
10:16:31 | INFO     | main           |   CITADEL QUANT BOT  |  v2.2  |  PAPER MODE
10:16:31 | INFO     | main           |   Instruments : NDAQ
10:16:31 | INFO     | main           |   MetaApi account: 75201859-2860-454b-9137-d933ed8f40f8
10:16:31 | INFO     | main           |   Features    : Kelly=True | TrailingStop=True | SignalLog=True | Database=Disabled
10:16:31 | INFO     | main           | ============================================================
10:16:32 | WARNING  | main           | ⚠️  Database initialization failed, continuing with CSV fallbacks: password authentication failed for user "postgres"
10:16:32 | INFO     | main           | MetaApi connection established.
10:16:43 | INFO     | main           | Running buffer auto-calibration (this takes ~60 s)...
10:16:44 | INFO     | main           | Buffer optimal delay: {'NDAQ': 12} min per instrument
10:16:44 | INFO     | main           | Bot running. Press Ctrl+C to stop.
12:03:24 | INFO     | dashboard      | Bot started from dashboard
12:04:02 | INFO     | main           | ============================================================
12:04:02 | INFO     | main           |   CITADEL QUANT BOT  |  v2.2  |  PAPER MODE
12:04:02 | INFO     | main           |   Instruments : NDAQ
12:04:02 | INFO     | main           |   MetaApi account: 75201859-2860-454b-9137-d933ed8f40f8
12:04:02 | INFO     | main           |   Features    : Kelly=True | TrailingStop=True | SignalLog=True | Database=Disabled
12:04:02 | INFO     | main           | ============================================================
12:04:02 | WARNING  | main           | ⚠️  Database initialization failed, continuing with CSV fallbacks: connection was closed in the middle of operation
12:04:02 | INFO     | main           | MetaApi connection established.
12:04:25 | INFO     | main           | Running buffer auto-calibration (this takes ~60 s)...
12:04:27 | INFO     | main           | Buffer optimal delay: {'NDAQ': 12} min per instrument
12:04:27 | INFO     | main           | Bot running. Press Ctrl+C to stop.
13:05:08 | INFO     | dashboard      | Bot started from dashboard
13:06:00 | INFO     | main           | ============================================================
13:06:00 | INFO     | main           |   CITADEL QUANT BOT  |  v2.2  |  PAPER MODE
13:06:00 | INFO     | main           |   Instruments : NDAQ
13:06:00 | INFO     | main           |   MetaApi account: 75201859-2860-454b-9137-d933ed8f40f8
13:06:00 | INFO     | main           |   Features    : Kelly=True | TrailingStop=True | SignalLog=True | Database=Disabled
13:06:00 | INFO     | main           | ============================================================
13:06:00 | WARNING  | main           | ⚠️  Database initialization failed, continuing with CSV fallbacks: password authentication failed for user "postgres"
13:06:00 | INFO     | main           | MetaApi connection established.
13:06:03 | INFO     | main           | Running buffer auto-calibration (this takes ~60 s)...
13:06:15 | INFO     | main           | Buffer optimal delay: {'NDAQ': 12} min per instrument
13:06:15 | INFO     | main           | Bot running. Press Ctrl+C to stop.
