09:42:10 | INFO     | main           | ============================================================
09:42:10 | INFO     | main           |   CITADEL QUANT BOT  |  v2.2  |  PAPER MODE
09:42:10 | INFO     | main           |   Instruments : US30, US500, NDAQ
09:42:10 | INFO     | main           |   MT5 server  :  | login=0
09:42:10 | INFO     | main           |   Features    : Kelly=True | TrailingStop=True | SignalLog=True | Database=Disabled
09:42:10 | INFO     | main           | ============================================================
09:42:11 | INFO     | main           | ✅ Global database manager initialized
09:42:11 | INFO     | main           | ✅ All database components initialized
09:42:11 | INFO     | main           | MT5 connection established.
09:42:12 | INFO     | main           | Running buffer auto-calibration (this takes ~60 s)...
09:42:12 | INFO     | main           | Buffer optimal delay: {'US30': 12, 'US500': 12, 'NDAQ': 12} min per instrument
09:42:12 | INFO     | main           | Bot running. Press Ctrl+C to stop.
09:42:34 | INFO     | main           | ============================================================
09:42:34 | INFO     | main           |   CITADEL QUANT BOT  |  v2.2  |  PAPER MODE
09:42:34 | INFO     | main           |   Instruments : US30, US500, NDAQ
09:42:34 | INFO     | main           |   MT5 server  :  | login=0
09:42:34 | INFO     | main           |   Features    : Kelly=True | TrailingStop=True | SignalLog=True | Database=Disabled
09:42:34 | INFO     | main           | ============================================================
09:42:34 | INFO     | main           | ✅ Global database manager initialized
09:42:34 | INFO     | main           | ✅ All database components initialized
09:42:34 | INFO     | main           | MT5 connection established.
09:42:34 | INFO     | main           | Running buffer auto-calibration (this takes ~60 s)...
09:42:35 | INFO     | main           | Buffer optimal delay: {'US30': 12, 'US500': 12, 'NDAQ': 12} min per instrument
09:42:35 | INFO     | main           | Bot running. Press Ctrl+C to stop.
09:52:12 | INFO     | main           | Signal 2 received — stopping.
09:52:12 | INFO     | main           | Shutting down bot...
09:52:12 | INFO     | main           | Database connections closed.
09:52:12 | INFO     | main           | Bot stopped cleanly.
10:03:34 | INFO     | main           | ============================================================
10:03:34 | INFO     | main           |   CITADEL QUANT BOT  |  v2.2  |  PAPER MODE
10:03:34 | INFO     | main           |   Instruments : US30, US500, NDAQ
10:03:34 | INFO     | main           |   MT5 server  :  | login=0
10:03:34 | INFO     | main           |   Features    : Kelly=True | TrailingStop=True | SignalLog=True | Database=Disabled
10:03:34 | INFO     | main           | ============================================================
10:03:34 | INFO     | main           | ✅ Global database manager initialized
10:03:34 | INFO     | main           | ✅ All database components initialized
18:57:24 | INFO     | main           | ============================================================
18:57:24 | INFO     | main           |   CITADEL QUANT BOT  |  v2.2  |  PAPER MODE
18:57:24 | INFO     | main           |   Instruments : US30, US500, NDAQ
18:57:24 | INFO     | main           |   MT5 server  :  | login=0
18:57:24 | INFO     | main           |   Features    : Kelly=True | TrailingStop=True | SignalLog=True | Database=Disabled
18:57:24 | INFO     | main           | ============================================================
18:57:25 | INFO     | main           | ✅ Global database manager initialized
18:57:25 | INFO     | main           | ✅ All database components initialized
